SF:lib\application\appconfig\app_config.dart
DA:4,0
DA:16,0
DA:24,0
DA:30,0
DA:40,1
DA:42,1
DA:48,0
DA:55,0
DA:61,0
DA:66,1
DA:68,1
DA:70,1
DA:72,0
DA:73,0
DA:74,0
DA:77,0
DA:78,0
LF:17
LH:5
end_of_record
SF:lib\application\router\app_router.dart
DA:9,0
DA:10,0
DA:12,0
DA:13,0
DA:14,0
DA:15,0
LF:6
LH:0
end_of_record
SF:lib\presentation\appcommon_things\app_color.dart
DA:24,0
DA:25,0
DA:30,0
DA:31,0
DA:36,0
DA:37,0
DA:42,0
DA:43,0
DA:52,0
DA:68,0
DA:69,0
DA:70,0
DA:73,0
DA:74,0
DA:79,0
DA:86,0
DA:102,0
DA:103,0
DA:104,0
DA:107,0
DA:108,0
DA:114,0
DA:120,0
DA:121,0
DA:126,0
DA:131,0
DA:136,0
DA:141,0
DA:146,0
DA:151,0
DA:156,0
DA:161,0
DA:166,0
DA:171,0
DA:176,0
DA:181,0
DA:186,0
DA:191,0
DA:199,0
DA:200,0
DA:205,0
DA:210,0
DA:215,0
DA:220,0
DA:225,0
DA:230,0
DA:235,0
DA:240,0
DA:245,0
DA:250,0
DA:255,0
DA:260,0
DA:265,0
DA:270,0
DA:279,0
DA:280,0
DA:295,0
DA:297,0
DA:304,0
DA:305,0
DA:309,0
DA:310,0
DA:331,0
DA:333,0
DA:345,0
DA:353,0
DA:356,0
DA:357,0
DA:358,0
DA:360,0
DA:361,0
DA:362,0
DA:364,0
DA:365,0
DA:371,0
DA:372,0
DA:378,0
DA:379,0
DA:385,0
DA:386,0
DA:387,0
DA:388,0
LF:82
LH:0
end_of_record
SF:lib\presentation\view\home\home_screen.dart
DA:8,1
DA:10,0
DA:12,0
DA:13,0
DA:14,0
DA:16,0
DA:17,0
DA:18,0
DA:20,0
DA:26,0
DA:28,0
DA:29,0
DA:31,0
DA:33,0
DA:35,0
DA:38,0
DA:40,0
DA:41,0
DA:47,0
DA:49,0
DA:50,0
DA:51,0
DA:52,0
DA:53,0
DA:56,0
DA:57,0
DA:58,0
DA:64,0
DA:66,0
DA:67,0
DA:69,0
DA:72,0
DA:74,0
DA:82,0
DA:84,0
DA:88,0
DA:89,0
DA:96,0
DA:97,0
DA:108,0
DA:110,0
DA:111,0
DA:112,0
DA:114,0
DA:117,0
DA:118,0
DA:122,0
DA:124,0
DA:134,0
DA:135,0
DA:137,0
DA:138,0
DA:140,0
DA:143,0
DA:145,0
DA:146,0
LF:56
LH:1
end_of_record
SF:lib\presentation\view\splash\spalsh_screen.dart
DA:12,1
DA:14,0
DA:15,0
DA:26,0
DA:28,0
DA:31,0
DA:35,0
DA:36,0
DA:39,0
DA:42,0
DA:45,0
DA:46,0
DA:50,0
DA:51,0
DA:52,0
DA:53,0
DA:54,0
DA:59,0
DA:61,0
DA:62,0
DA:65,0
DA:67,0
DA:68,0
DA:69,0
DA:70,0
DA:71,0
DA:72,0
DA:73,0
DA:74,0
DA:76,0
DA:77,0
DA:83,0
DA:84,0
DA:86,0
DA:88,0
DA:89,0
DA:90,0
DA:91,0
DA:92,0
DA:95,0
DA:97,0
DA:98,0
DA:99,0
DA:115,0
DA:116,0
DA:118,0
DA:119,0
DA:120,0
DA:121,0
DA:131,0
DA:132,0
LF:51
LH:1
end_of_record
SF:lib\presentation\appcommon_things\app_text.dart
DA:34,0
DA:47,0
DA:49,0
DA:50,0
DA:53,0
DA:56,0
DA:57,0
DA:58,0
DA:60,0
DA:61,0
DA:63,0
DA:64,0
DA:66,0
DA:67,0
DA:69,0
DA:70,0
DA:72,0
DA:73,0
DA:75,0
DA:76,0
DA:78,0
DA:79,0
DA:81,0
DA:82,0
DA:84,0
DA:85,0
DA:87,0
DA:88,0
DA:90,0
DA:91,0
DA:93,0
DA:94,0
DA:96,0
DA:97,0
DA:99,0
DA:100,0
DA:106,0
DA:107,0
DA:113,0
DA:115,0
DA:116,0
DA:117,0
DA:118,0
DA:119,0
DA:122,0
DA:123,0
DA:125,0
LF:47
LH:0
end_of_record
